Arguments: 
  C:\Program Files\nodejs\node.exe C:\Users\asus\AppData\Roaming\npm\node_modules\yarn\bin\yarn.js

PATH: 
  E:\git\Git\mingw64\bin;E:\git\Git\usr\bin;C:\Users\asus\bin;C:\Program Files (x86)\Intel\Intel(R) Management Engine Components\iCLS;C:\Program Files\Intel\Intel(R) Management Engine Components\iCLS;C:\Windows\system32;C:\Windows;C:\Windows\System32\Wbem;C:\Windows\System32\WindowsPowerShell\v1.0;C:\Windows\System32\OpenSSH;C:\Program Files (x86)\Intel\Intel(R) Management Engine Components\DAL;C:\Program Files\Intel\Intel(R) Management Engine Components\DAL;C:\Program Files (x86)\NVIDIA Corporation\PhysX\Common;E:\jdk\jdk1.8.0_161\jre\bin;E:\jdk\jdk1.8.0_161\bin;C:\Program Files\MySQL\MySQL Utilities 1.6;E:\maven\apache-maven-3.6.0\bin;E:\git\TortoiseGit\bin;C:\Program Files\nodejs;C:\Users\asus\AppData\Local\Yarn\bin;C:\Program Files\TortoiseSVN\bin;C:\Users\asus\AppData\Local\Microsoft\WindowsApps;C:\Users\asus\AppData\Roaming\npm;E:\install file\vs code\install\Microsoft VS Code\bin;E:\installFile\vsCode\install\Microsoft VS Code\bin

Yarn version: 
  1.13.0

Node version: 
  10.15.3

Platform: 
  win32 x64

Trace: 
  SyntaxError: E:\installFile\vsCode\workspace\studyFront\alita\alita-1\package.json: Unexpected token i in JSON at position 16
      at JSON.parse (<anonymous>)
      at C:\Users\asus\AppData\Roaming\npm\node_modules\yarn\lib\cli.js:1625:59
      at Generator.next (<anonymous>)
      at step (C:\Users\asus\AppData\Roaming\npm\node_modules\yarn\lib\cli.js:304:30)
      at C:\Users\asus\AppData\Roaming\npm\node_modules\yarn\lib\cli.js:315:13

npm manifest: 
  {
    "name": "E:\installFile\vsCode\workspace\studyFront\alita\alita-1",
    "version": "1.0.0",
    "description": "",
    "main": "index.js",
    "scripts": {
      "start": "alita dev",
      "build": "alita build"
    },
    "keywords": [],
    "author": "",
    "license": "MIT",
    "dependencies": {
      "alita": "*"
    }
  }

yarn manifest: 
  No manifest

Lockfile: 
  No lockfile
